This is pdfeTeXk, Version 3.141592-1.21b-2.2 (Web2c 7.5.3) (format=pdflatex 2005.7.25)  5 AUG 2005 14:42
entering extended mode
\write18 enabled.
 %&-line parsing enabled.
**thesis.tex
(./thesis.tex
LaTeX2e <2003/12/01>
Babel <v3.8d> and hyphenation patterns for english, french, german, ngerman, da
nish, dutch, finnish, greek, italian, norwegian, polish, portuguese, russian, s
panish, swedish, ukenglish, dumylang, nohyphenation, loaded.
(c:/Program Files/XEmTeX/texmf/tex/latex/base/report.cls
Document Class: report 2004/02/16 v1.4f Standard LaTeX document class
(c:/Program Files/XEmTeX/texmf/tex/latex/base/size11.clo
File: size11.clo 2004/02/16 v1.4f Standard LaTeX file (size option)
)
\c@part=\count79
\c@chapter=\count80
\c@section=\count81
\c@subsection=\count82
\c@subsubsection=\count83
\c@paragraph=\count84
\c@subparagraph=\count85
\c@figure=\count86
\c@table=\count87
\abovecaptionskip=\skip41
\belowcaptionskip=\skip42
\bibindent=\dimen102
)
\@indexfile=\write3
\openout3 = `thesis.idx'.


Writing index file thesis.idx
(./mathphdthesis.sty
\textheit=\skip43
\textwid=\skip44

(c:/Program Files/XEmTeX/texmf/tex/latex/graphics/graphicx.sty
Package: graphicx 1999/02/16 v1.0f Enhanced LaTeX Graphics (DPC,SPQR)

(c:/Program Files/XEmTeX/texmf/tex/latex/graphics/keyval.sty
Package: keyval 1999/03/16 v1.13 key=value parser (DPC)
\KV@toks@=\toks14
)
(c:/Program Files/XEmTeX/texmf/tex/latex/graphics/graphics.sty
Package: graphics 2001/07/07 v1.0n Standard LaTeX Graphics (DPC,SPQR)

(c:/Program Files/XEmTeX/texmf/tex/latex/graphics/trig.sty
Package: trig 1999/03/16 v1.09 sin cos tan (DPC)
)
(c:/Program Files/XEmTeX/texmf/tex/latex/config/graphics.cfg
File: graphics.cfg 2001/08/31 v1.1 graphics configuration of teTeX/TeXLive
)
Package graphics Info: Driver file: pdftex.def on input line 80.

(c:/Program Files/XEmTeX/texmf/tex/latex/pdftexdef/pdftex.def
File: pdftex.def 2002/06/19 v0.03k graphics/color for pdftex
\Gread@gobject=\count88
))
\Gin@req@height=\dimen103
\Gin@req@width=\dimen104
)
(c:/Program Files/XEmTeX/texmf/tex/latex/base/makeidx.sty
Package: makeidx 2000/03/29 v1.0m Standard LaTeX package
) (./tocbibind.sty
Package: tocbibind 2003/03/13 v1.5g extra ToC listings


Package tocbibind Note: The document has chapter divisions.


Package tocbibind Note: Using chapter style headings, unless overridden.

) (./sectsty.sty
Package: sectsty 2002/02/25 v2.0.2 Commands to change all sectional heading sty
les
)
(c:/Program Files/XEmTeX/texmf/tex/latex/fancyhdr/fancyhdr.sty
\fancy@headwidth=\skip45
\f@ncyO@elh=\skip46
\f@ncyO@erh=\skip47
\f@ncyO@olh=\skip48
\f@ncyO@orh=\skip49
\f@ncyO@elf=\skip50
\f@ncyO@erf=\skip51
\f@ncyO@olf=\skip52
\f@ncyO@orf=\skip53
)
\li=\skip54
\signed=\skip55
) (./thesis.aux
(./prelude.aux) (./newcom.aux) (./chap1.aux) (./chap2.aux) (./chap3.aux)
(./chap4.aux) (./app0.aux) (./app1.aux) (./app2.aux) (./biby.aux) (./index.aux)
)
\openout1 = `thesis.aux'.

LaTeX Font Info:    Checking defaults for OML/cmm/m/it on input line 60.
LaTeX Font Info:    ... okay on input line 60.
LaTeX Font Info:    Checking defaults for T1/cmr/m/n on input line 60.
LaTeX Font Info:    ... okay on input line 60.
LaTeX Font Info:    Checking defaults for OT1/cmr/m/n on input line 60.
LaTeX Font Info:    ... okay on input line 60.
LaTeX Font Info:    Checking defaults for OMS/cmsy/m/n on input line 60.
LaTeX Font Info:    ... okay on input line 60.
LaTeX Font Info:    Checking defaults for OMX/cmex/m/n on input line 60.
LaTeX Font Info:    ... okay on input line 60.
LaTeX Font Info:    Checking defaults for U/cmr/m/n on input line 60.
LaTeX Font Info:    ... okay on input line 60.
 (c:/Program Files/XEmTeX/texmf/tex/context/base/supp-pdf.tex
(c:/Program Files/XEmTeX/texmf/tex/context/base/supp-mis.tex
loading : Context Support Macros / Miscellaneous (2004.10.26)
\protectiondepth=\count89
\scratchcounter=\count90
\scratchtoks=\toks15
\scratchdimen=\dimen105
\scratchskip=\skip56
\scratchmuskip=\muskip10
\scratchbox=\box26
\scratchread=\read1
\scratchwrite=\write4
\zeropoint=\dimen106
\onepoint=\dimen107
\onebasepoint=\dimen108
\minusone=\count91
\thousandpoint=\dimen109
\onerealpoint=\dimen110
\emptytoks=\toks16
\nextbox=\box27
\nextdepth=\dimen111
\everyline=\toks17
\!!counta=\count92
\!!countb=\count93
\recursecounter=\count94
)
loading : Context Support Macros / PDF (2004.03.26)
\nofMPsegments=\count95
\nofMParguments=\count96
\MPscratchCnt=\count97
\MPscratchDim=\dimen112
\MPnumerator=\count98
\everyMPtoPDFconversion=\toks18
)
\openout2 = `prelude.aux'.

 (./prelude.tex <Utas_vert_BW.pdf, id=1, 614.295pt x 794.97pt>
File: Utas_vert_BW.pdf Graphic file (type pdf)

<use Utas_vert_BW.pdf> [1


{c:/Program Files/XEmTeX/texmf/fonts/map/pdftex/updmap/pdftex.map}] [2 <./Utas_
vert_BW.pdf>] [3]
LaTeX Font Info:    External font `cmex10' loaded for size
(Font)              <10.95> on input line 35.
LaTeX Font Info:    External font `cmex10' loaded for size
(Font)              <8> on input line 35.
LaTeX Font Info:    External font `cmex10' loaded for size
(Font)              <6> on input line 35.
 [4] [0] (./thesis.toc)
\tf@toc=\write5
\openout5 = `thesis.toc'.

 [1

]
(./thesis.lot)
\tf@lot=\write6
\openout6 = `thesis.lot'.

 [2

] (./thesis.lof)
\tf@lof=\write7
\openout7 = `thesis.lof'.

) [3

]
\openout2 = `newcom.aux'.

 (./newcom.tex
\c@theorem=\count99
)
\openout2 = `chap1.aux'.

 (./chap1.tex
Chapter 1.
[1





] [2]

LaTeX Warning: Citation `Williamson:STS' on page 3 undefined on input line 34.

File: Utas_vert_BW.pdf Graphic file (type pdf)
<use Utas_vert_BW.pdf>) [3]
\openout2 = `chap2.aux'.

 (./chap2.tex
Chapter 2.
) [4



]
\openout2 = `chap3.aux'.

 (./chap3.tex
Chapter 3.
) [5



]
\openout2 = `chap4.aux'.

 (./chap4.tex
Chapter 4.
) [6



]
\openout2 = `app0.aux'.

 (./app0.tex)
\openout2 = `app1.aux'.

 (./app1.tex
Appendix A.
[7





]) [8]
\openout2 = `app2.aux'.

 (./app2.tex
Appendix B.
[9



]) [10]
\openout2 = `biby.aux'.

 (./biby.tex
No file thesis.bbl.
)
\openout2 = `index.aux'.

 (./index.tex
No file thesis.ind.
) (./thesis.aux (./prelude.aux) (./newcom.aux) (./chap1.aux) (./chap2.aux)
(./chap3.aux) (./chap4.aux) (./app0.aux) (./app1.aux) (./app2.aux) (./biby.aux)
(./index.aux))

LaTeX Warning: There were undefined references.

 ) 
Here is how much of TeX's memory you used:
 1415 strings out of 94856
 17045 string characters out of 1179649
 68272 words of memory out of 1518441
 4505 multiletter control sequences out of 10000+50000
 9149 words of font info for 32 fonts, out of 1000000 for 2000
 311 hyphenation exceptions out of 1000
 32i,10n,45p,262b,343s stack positions out of 5000i,500n,6000p,200000b,40000s
PDF statistics:
 91 PDF objects out of 300000
 0 named destinations out of 131072
 6 words of extra memory for PDF output out of 65536
<c:/Program Files/XEmTeX/texmf/fonts/type1/bluesky/cm/cmbx12.pfb><c:/Program 
Files/XEmTeX/texmf/fonts/type1/bluesky/cm/cmcsc10.pfb><c:/Program Files/XEmTeX/
texmf/fonts/type1/bluesky/cm/cmbx10.pfb><c:/Program Files/XEmTeX/texmf/fonts/ty
pe1/bluesky/cm/cmmi8.pfb><c:/Program Files/XEmTeX/texmf/fonts/type1/bluesky/cm/
cmmi10.pfb><c:/Program Files/XEmTeX/texmf/fonts/type1/bluesky/cm/cmr8.pfb><c:/P
rogram Files/XEmTeX/texmf/fonts/type1/bluesky/cm/cmr17.pfb><c:/Program Files/XE
mTeX/texmf/fonts/type1/bluesky/cm/cmsl10.pfb><c:/Program Files/XEmTeX/texmf/fon
ts/type1/bluesky/cm/cmr10.pfb><c:/Program Files/XEmTeX/texmf/fonts/type1/bluesk
y/cm/cmr12.pfb>
Output written on thesis.pdf (18 pages, 93461 bytes).
